Build started 9/30/2018 10:26:01 PM.
     1>Project "C:\Users\Admin\Desktop\Image Campus\Gentile\Serulnikov\TrabajoPractico-1\Ejercicio-0\Ejercicio-0.vcxproj" on node 2 (build target(s)).
     1>PrepareForBuild:
         Creating directory "C:\Users\Admin\Desktop\Image Campus\Gentile\Serulnikov\TrabajoPractico-1\Debug\".
       InitializeBuildStatus:
         Creating "Debug\Ejercicio-0.unsuccessfulbuild" because "AlwaysCreate" was specified.
       ClCompile:
         C:\Program Files (x86)\Microsoft Visual Studio 10.0\VC\bin\CL.exe /c /ZI /nologo /W3 /WX- /Od /Oy- /D _MBCS /Gm /EHsc /RTC1 /MDd /GS /fp:precise /Zc:wchar_t /Zc:forScope /Fo"Debug\\" /Fd"Debug\vc100.pdb" /Gd /TP /analyze- /errorReport:prompt "Ejer-0.cpp"
         Ejer-0.cpp
     1>c:\users\admin\desktop\image campus\gentile\serulnikov\trabajopractico-1\ejercicio-0\ejer-0.cpp(24): warning C4305: 'initializing' : truncation from 'double' to 'const float'
       Link:
         C:\Program Files (x86)\Microsoft Visual Studio 10.0\VC\bin\link.exe /ERRORREPORT:PROMPT /OUT:"C:\Users\Admin\Desktop\Image Campus\Gentile\Serulnikov\TrabajoPractico-1\Debug\Ejercicio-0.exe" /NOLOGO kernel32.lib user32.lib gdi32.lib winspool.lib comdlg32.lib advapi32.lib shell32.lib ole32.lib oleaut32.lib uuid.lib odbc32.lib odbccp32.lib /MANIFEST /ManifestFile:"Debug\Ejercicio-0.exe.intermediate.manifest" /MANIFESTUAC:"level='asInvoker' uiAccess='false'" /DEBUG /PDB:"C:\Users\Admin\Desktop\Image Campus\Gentile\Serulnikov\TrabajoPractico-1\Debug\Ejercicio-0.pdb" /TLBID:1 /DYNAMICBASE /NXCOMPAT /IMPLIB:"C:\Users\Admin\Desktop\Image Campus\Gentile\Serulnikov\TrabajoPractico-1\Debug\Ejercicio-0.lib" /MACHINE:X86 "Debug\Ejer-0.obj"
         Ejercicio-0.vcxproj -> C:\Users\Admin\Desktop\Image Campus\Gentile\Serulnikov\TrabajoPractico-1\Debug\Ejercicio-0.exe
       Manifest:
         C:\Program Files (x86)\Microsoft SDKs\Windows\v7.0A\bin\mt.exe /nologo /verbose /outputresource:"C:\Users\Admin\Desktop\Image Campus\Gentile\Serulnikov\TrabajoPractico-1\Debug\Ejercicio-0.exe;#1" /manifest "Debug\Ejercicio-0.exe.intermediate.manifest"
       FinalizeBuildStatus:
         Deleting file "Debug\Ejercicio-0.unsuccessfulbuild".
         Touching "Debug\Ejercicio-0.lastbuildstate".
     1>Done Building Project "C:\Users\Admin\Desktop\Image Campus\Gentile\Serulnikov\TrabajoPractico-1\Ejercicio-0\Ejercicio-0.vcxproj" (build target(s)).

Build succeeded.

Time Elapsed 00:00:02.34
