Build started 10/7/2018 3:52:55 PM.
     1>Project "C:\Users\Admin\Desktop\Image Campus\Gentile\Serulnikov\TrabajoPractico-4\Ejercicio-3\Ejercicio-3.vcxproj" on node 2 (build target(s)).
     1>InitializeBuildStatus:
         Creating "Debug\Ejercicio-3.unsuccessfulbuild" because "AlwaysCreate" was specified.
       ClCompile:
         C:\Program Files (x86)\Microsoft Visual Studio 10.0\VC\bin\CL.exe /c /ZI /nologo /W3 /WX- /Od /Oy- /D _MBCS /Gm /EHsc /RTC1 /MDd /GS /fp:precise /Zc:wchar_t /Zc:forScope /Fo"Debug\\" /Fd"Debug\vc100.pdb" /Gd /TP /analyze- /errorReport:prompt "Ejer-3.cpp"
         Ejer-3.cpp
       Link:
         C:\Program Files (x86)\Microsoft Visual Studio 10.0\VC\bin\link.exe /ERRORREPORT:PROMPT /OUT:"C:\Users\Admin\Desktop\Image Campus\Gentile\Serulnikov\TrabajoPractico-4\Debug\Ejercicio-3.exe" /NOLOGO kernel32.lib user32.lib gdi32.lib winspool.lib comdlg32.lib advapi32.lib shell32.lib ole32.lib oleaut32.lib uuid.lib odbc32.lib odbccp32.lib /MANIFEST /ManifestFile:"Debug\Ejercicio-3.exe.intermediate.manifest" /MANIFESTUAC:"level='asInvoker' uiAccess='false'" /DEBUG /PDB:"C:\Users\Admin\Desktop\Image Campus\Gentile\Serulnikov\TrabajoPractico-4\Debug\Ejercicio-3.pdb" /TLBID:1 /DYNAMICBASE /NXCOMPAT /IMPLIB:"C:\Users\Admin\Desktop\Image Campus\Gentile\Serulnikov\TrabajoPractico-4\Debug\Ejercicio-3.lib" /MACHINE:X86 Debug\Motor.obj
         Debug\Coche.obj
         "Debug\Ejer-3.obj"
         Debug\Puerta.obj
         Debug\Rueda.obj
         LINK : C:\Users\Admin\Desktop\Image Campus\Gentile\Serulnikov\TrabajoPractico-4\Debug\Ejercicio-3.exe not found or not built by the last incremental link; performing full link
         Ejercicio-3.vcxproj -> C:\Users\Admin\Desktop\Image Campus\Gentile\Serulnikov\TrabajoPractico-4\Debug\Ejercicio-3.exe
       Manifest:
         C:\Program Files (x86)\Microsoft SDKs\Windows\v7.0A\bin\mt.exe /nologo /verbose /outputresource:"C:\Users\Admin\Desktop\Image Campus\Gentile\Serulnikov\TrabajoPractico-4\Debug\Ejercicio-3.exe;#1" /manifest "Debug\Ejercicio-3.exe.intermediate.manifest"
       FinalizeBuildStatus:
         Deleting file "Debug\Ejercicio-3.unsuccessfulbuild".
         Touching "Debug\Ejercicio-3.lastbuildstate".
     1>Done Building Project "C:\Users\Admin\Desktop\Image Campus\Gentile\Serulnikov\TrabajoPractico-4\Ejercicio-3\Ejercicio-3.vcxproj" (build target(s)).

Build succeeded.

Time Elapsed 00:00:00.90
