Build started 10/1/2018 12:08:07 AM.
     1>Project "C:\Users\Admin\Desktop\Image Campus\Gentile\Serulnikov\TrabajoPractico-2\Ejercicio-1\Ejercicio-1.vcxproj" on node 2 (build target(s)).
     1>InitializeBuildStatus:
         Creating "Debug\Ejercicio-1.unsuccessfulbuild" because "AlwaysCreate" was specified.
       ClCompile:
         C:\Program Files (x86)\Microsoft Visual Studio 10.0\VC\bin\CL.exe /c /ZI /nologo /W3 /WX- /Od /Oy- /D _MBCS /Gm /EHsc /RTC1 /MDd /GS /fp:precise /Zc:wchar_t /Zc:forScope /Fo"Debug\\" /Fd"Debug\vc100.pdb" /Gd /TP /analyze- /errorReport:prompt Punto.cpp
         Punto.cpp
     1>c:\users\admin\desktop\image campus\gentile\serulnikov\trabajopractico-2\ejercicio-1\punto.cpp(40): warning C4804: '<' : unsafe use of type 'bool' in operation
     1>c:\users\admin\desktop\image campus\gentile\serulnikov\trabajopractico-2\ejercicio-1\punto.cpp(40): warning C4804: '<' : unsafe use of type 'bool' in operation
       Link:
         C:\Program Files (x86)\Microsoft Visual Studio 10.0\VC\bin\link.exe /ERRORREPORT:PROMPT /OUT:"C:\Users\Admin\Desktop\Image Campus\Gentile\Serulnikov\TrabajoPractico-2\Debug\Ejercicio-1.exe" /NOLOGO kernel32.lib user32.lib gdi32.lib winspool.lib comdlg32.lib advapi32.lib shell32.lib ole32.lib oleaut32.lib uuid.lib odbc32.lib odbccp32.lib /MANIFEST /ManifestFile:"Debug\Ejercicio-1.exe.intermediate.manifest" /MANIFESTUAC:"level='asInvoker' uiAccess='false'" /DEBUG /PDB:"C:\Users\Admin\Desktop\Image Campus\Gentile\Serulnikov\TrabajoPractico-2\Debug\Ejercicio-1.pdb" /TLBID:1 /DYNAMICBASE /NXCOMPAT /IMPLIB:"C:\Users\Admin\Desktop\Image Campus\Gentile\Serulnikov\TrabajoPractico-2\Debug\Ejercicio-1.lib" /MACHINE:X86 Debug\libreria.obj
         "Debug\Ejer-1.obj"
         Debug\Punto.obj
         LINK : C:\Users\Admin\Desktop\Image Campus\Gentile\Serulnikov\TrabajoPractico-2\Debug\Ejercicio-1.exe not found or not built by the last incremental link; performing full link
         Ejercicio-1.vcxproj -> C:\Users\Admin\Desktop\Image Campus\Gentile\Serulnikov\TrabajoPractico-2\Debug\Ejercicio-1.exe
       Manifest:
         C:\Program Files (x86)\Microsoft SDKs\Windows\v7.0A\bin\mt.exe /nologo /verbose /outputresource:"C:\Users\Admin\Desktop\Image Campus\Gentile\Serulnikov\TrabajoPractico-2\Debug\Ejercicio-1.exe;#1" /manifest "Debug\Ejercicio-1.exe.intermediate.manifest"
       FinalizeBuildStatus:
         Deleting file "Debug\Ejercicio-1.unsuccessfulbuild".
         Touching "Debug\Ejercicio-1.lastbuildstate".
     1>Done Building Project "C:\Users\Admin\Desktop\Image Campus\Gentile\Serulnikov\TrabajoPractico-2\Ejercicio-1\Ejercicio-1.vcxproj" (build target(s)).

Build succeeded.

Time Elapsed 00:00:01.75
