Build started 11/24/2018 6:51:07 PM.
     1>Project "C:\Users\Admin\Desktop\gentile-1\Serulnikov\TrabajoPractico-2\Ejercicio-0\Ejercicio-0.vcxproj" on node 2 (build target(s)).
     1>InitializeBuildStatus:
         Creating "Debug\Ejercicio-0.unsuccessfulbuild" because "AlwaysCreate" was specified.
       ClCompile:
         C:\Program Files (x86)\Microsoft Visual Studio 10.0\VC\bin\CL.exe /c /ZI /nologo /W3 /WX- /Od /Oy- /D _MBCS /Gm /EHsc /RTC1 /MDd /GS /fp:precise /Zc:wchar_t /Zc:forScope /Fo"Debug\\" /Fd"Debug\vc100.pdb" /Gd /TP /analyze- /errorReport:prompt ..\..\libreria\libreria.cpp "Ejer-0.cpp" Punto.cpp
         Punto.cpp
         Ejer-0.cpp
         libreria.cpp
         Generating Code...
       Link:
         C:\Program Files (x86)\Microsoft Visual Studio 10.0\VC\bin\link.exe /ERRORREPORT:PROMPT /OUT:"C:\Users\Admin\Desktop\gentile-1\Serulnikov\TrabajoPractico-2\Debug\Ejercicio-0.exe" /NOLOGO kernel32.lib user32.lib gdi32.lib winspool.lib comdlg32.lib advapi32.lib shell32.lib ole32.lib oleaut32.lib uuid.lib odbc32.lib odbccp32.lib /MANIFEST /ManifestFile:"Debug\Ejercicio-0.exe.intermediate.manifest" /MANIFESTUAC:"level='asInvoker' uiAccess='false'" /DEBUG /PDB:"C:\Users\Admin\Desktop\gentile-1\Serulnikov\TrabajoPractico-2\Debug\Ejercicio-0.pdb" /TLBID:1 /DYNAMICBASE /NXCOMPAT /IMPLIB:"C:\Users\Admin\Desktop\gentile-1\Serulnikov\TrabajoPractico-2\Debug\Ejercicio-0.lib" /MACHINE:X86 Debug\libreria.obj
         "Debug\Ejer-0.obj"
         Debug\Punto.obj
         LINK : C:\Users\Admin\Desktop\gentile-1\Serulnikov\TrabajoPractico-2\Debug\Ejercicio-0.exe not found or not built by the last incremental link; performing full link
         Ejercicio-0.vcxproj -> C:\Users\Admin\Desktop\gentile-1\Serulnikov\TrabajoPractico-2\Debug\Ejercicio-0.exe
       Manifest:
         C:\Program Files (x86)\Microsoft SDKs\Windows\v7.0A\bin\mt.exe /nologo /verbose /outputresource:"C:\Users\Admin\Desktop\gentile-1\Serulnikov\TrabajoPractico-2\Debug\Ejercicio-0.exe;#1" /manifest "Debug\Ejercicio-0.exe.intermediate.manifest"
       FinalizeBuildStatus:
         Deleting file "Debug\Ejercicio-0.unsuccessfulbuild".
         Touching "Debug\Ejercicio-0.lastbuildstate".
     1>Done Building Project "C:\Users\Admin\Desktop\gentile-1\Serulnikov\TrabajoPractico-2\Ejercicio-0\Ejercicio-0.vcxproj" (build target(s)).

Build succeeded.

Time Elapsed 00:00:02.90
